2021-12-18 20:24:03,052 INFO     [configure_runtime.py:131] <configure_runtime> {rank 0/6} Attempting to parse config file helixes.toml as .toml
2021-12-18 20:24:03,053 INFO     [configure_runtime.py:139] <configure_runtime> {rank 0/6} Successfully parsed helixes.toml as .toml file
2021-12-18 20:24:03,054 INFO     [configure_runtime.py:143] <configure_runtime> {rank 0/6}

	Config: /Users/mortenledum/Documents/HyMD-tutorial/helixes/helixes.toml
	--------------------------------------------------
	n_steps: 10000
	time_step: 0.01
	box_size: [30.0, 30.0, 30.0]
	mesh_size: [1, 1, 1]
	sigma: 1.0
	kappa: 0.05
	n_print: 200
	tau: 0.1
	start_temperature: 50
	target_temperature: 300
	mass: None
	hamiltonian: defaultnochi
	domain_decomposition: None
	integrator: velocity-verlet
	respa_inner: 1
	file_name: /Users/mortenledum/Documents/HyMD-tutorial/helixes/helixes.toml
	name: None
	tags: []
	n_particles: None
	max_molecule_size: None
	n_flush: None
	thermostat_work: 0.0
	initial_energy: None
	cancel_com_momentum: False
	coulombtype: None
	dielectric_const: 15.0
	command_line_full: /Users/mortenledum/Documents/HyMD/hymd/__main__.py helixes.toml helixes.HDF5 --disable-field --seed 1 --verbose 1
	bonds:
		A A: 0.31, 10000.0
	angle_bonds:
	dihedrals:
		A A A A: [ 7.406 -5.298 -2.57   1.336  0.739]
		         [-0.28632126  1.2099146   1.18122138  0.49075168  0.98495911]
		         [0. 0. 0. 0. 0.]
		         [0. 0. 0. 0. 0.]
		         [ 449.08790868  610.2408724  -544.48626121  251.59427866  -84.9918564 ]
		         [ 0.08  0.46  1.65 -0.96  0.38]
		         dih_type = 1
	chi:

2021-12-18 20:24:03,101 INFO     [input_parser.py:365] <check_max_molecule_size> {rank 0/6} No max_molecule_size found in toml file /Users/mortenledum/Documents/HyMD-tutorial/helixes/helixes.toml, defaulting to 201
2021-12-18 20:24:03,101 INFO     [input_parser.py:728] <check_mass> {rank 0/6} no mass specified, defaulting to 72.0
2021-12-18 20:24:03,102 INFO     [input_parser.py:341] <check_n_particles> {rank 0/6} No n_particles found in toml file /Users/mortenledum/Documents/HyMD-tutorial/helixes/helixes.toml, defaulting to indices.shape (450)
2021-12-18 20:24:03,104 INFO     [thermostat.py:44] <generate_initial_velocities> {rank 0/6} Initialized 450 velocities, target kinetic energy: 280.613095875, actual kinetic energy generated: 280.61308908462524
2021-12-18 20:24:03,215 INFO     [main.py:182] <main> {rank 0/6} pfft-python processor mesh: (3, 2)
2021-12-18 20:24:03,300 INFO     [file_io.py:524] <store_data> {rank 0/6}
         step         time         temp        tot E        kin E        pot E      field E       bond E        ang E        dih E           Px           Py           Pz           ΔH
            0            0           50     4.46e+05       280.61   4.4572e+05            0        64010            0   3.8171e+05  -1.0729e-05   -4.077e-05  -6.0081e-05            0
2021-12-18 20:24:03,448 INFO     [file_io.py:524] <store_data> {rank 0/6}
         step         time         temp        tot E        kin E        pot E      field E       bond E        ang E        dih E           Px           Py           Pz           ΔH
          200            2       333.02        10147         1869       8278.1            0       529.57            0       7748.5  -8.2143e-06   -0.0014658   -0.0020859   2.0032e+05
2021-12-18 20:24:03,574 INFO     [file_io.py:524] <store_data> {rank 0/6}
         step         time         temp        tot E        kin E        pot E      field E       bond E        ang E        dih E           Px           Py           Pz           ΔH
          400            4       322.07       8370.6       1807.5         6563            0       461.07            0         6102   0.00019899   -0.0013977   -0.0021026   2.0032e+05
2021-12-18 20:24:03,702 INFO     [file_io.py:524] <store_data> {rank 0/6}
         step         time         temp        tot E        kin E        pot E      field E       bond E        ang E        dih E           Px           Py           Pz           ΔH
          600            6       309.66       7009.8       1737.9       5271.9            0       347.77            0       4924.1   0.00026903    -0.001362   -0.0025451   2.0031e+05
2021-12-18 20:24:03,834 INFO     [file_io.py:524] <store_data> {rank 0/6}
         step         time         temp        tot E        kin E        pot E      field E       bond E        ang E        dih E           Px           Py           Pz           ΔH
          800            8       300.91       6598.5       1688.8       4909.7            0       395.43            0       4514.3   0.00039925   -0.0017332   -0.0023771   2.0031e+05
2021-12-18 20:24:03,968 INFO     [file_io.py:524] <store_data> {rank 0/6}
         step         time         temp        tot E        kin E        pot E      field E       bond E        ang E        dih E           Px           Py           Pz           ΔH
         1000           10       313.22       6394.4       1757.9       4636.5            0       395.26            0       4241.2   8.9049e-05   -0.0015122   -0.0022571   2.0031e+05
2021-12-18 20:24:04,107 INFO     [file_io.py:524] <store_data> {rank 0/6}
         step         time         temp        tot E        kin E        pot E      field E       bond E        ang E        dih E           Px           Py           Pz           ΔH
         1200           12       300.86       6054.6       1688.5       4366.1            0       374.35            0       3991.7   0.00016013     -0.00127   -0.0026597   2.0031e+05
2021-12-18 20:24:04,251 INFO     [file_io.py:524] <store_data> {rank 0/6}
         step         time         temp        tot E        kin E        pot E      field E       bond E        ang E        dih E           Px           Py           Pz           ΔH
         1400           14          305       5622.8       1711.7       3911.1            0       376.53            0       3534.5   0.00055414   -0.0018057    -0.002632   2.0031e+05
2021-12-18 20:24:04,380 INFO     [file_io.py:524] <store_data> {rank 0/6}
         step         time         temp        tot E        kin E        pot E      field E       bond E        ang E        dih E           Px           Py           Pz           ΔH
         1600           16       309.61       5418.6       1737.6         3681            0       444.45            0       3236.5   0.00059351   -0.0016702   -0.0026296   2.0031e+05
2021-12-18 20:24:04,509 INFO     [file_io.py:524] <store_data> {rank 0/6}
         step         time         temp        tot E        kin E        pot E      field E       bond E        ang E        dih E           Px           Py           Pz           ΔH
         1800           18       311.89       4941.2       1750.4       3190.9            0       459.93            0       2730.9   0.00056031   -0.0016394   -0.0029139   2.0031e+05
2021-12-18 20:24:04,639 INFO     [file_io.py:524] <store_data> {rank 0/6}
         step         time         temp        tot E        kin E        pot E      field E       bond E        ang E        dih E           Px           Py           Pz           ΔH
         2000           20       273.39       4626.6       1534.3       3092.2            0       420.51            0       2671.7   0.00066474   -0.0016787   -0.0031045    2.003e+05
2021-12-18 20:24:04,769 INFO     [file_io.py:524] <store_data> {rank 0/6}
         step         time         temp        tot E        kin E        pot E      field E       bond E        ang E        dih E           Px           Py           Pz           ΔH
         2200           22       319.16       4646.4       1791.2       2855.2            0       444.35            0       2410.9   0.00076188   -0.0017099   -0.0031902    2.003e+05
2021-12-18 20:24:04,902 INFO     [file_io.py:524] <store_data> {rank 0/6}
         step         time         temp        tot E        kin E        pot E      field E       bond E        ang E        dih E           Px           Py           Pz           ΔH
         2400           24       289.24       4527.8       1623.3       2904.5            0       521.93            0       2382.5   0.00079125   -0.0020532   -0.0029822    2.003e+05
2021-12-18 20:24:05,045 INFO     [file_io.py:524] <store_data> {rank 0/6}
         step         time         temp        tot E        kin E        pot E      field E       bond E        ang E        dih E           Px           Py           Pz           ΔH
         2600           26       295.72       4453.7       1659.6       2794.1            0       508.66            0       2285.4   0.00068336   -0.0020371   -0.0027013    2.003e+05
2021-12-18 20:24:05,187 INFO     [file_io.py:524] <store_data> {rank 0/6}
         step         time         temp        tot E        kin E        pot E      field E       bond E        ang E        dih E           Px           Py           Pz           ΔH
         2800           28       289.77       4198.2       1626.3       2571.9            0       444.97            0       2126.9   0.00076604   -0.0021655   -0.0028076    2.003e+05
2021-12-18 20:24:05,323 INFO     [file_io.py:524] <store_data> {rank 0/6}
         step         time         temp        tot E        kin E        pot E      field E       bond E        ang E        dih E           Px           Py           Pz           ΔH
         3000           30       303.66       4306.9       1704.2       2602.7            0       514.42            0       2088.3    0.0010792   -0.0024911   -0.0027414    2.003e+05
2021-12-18 20:24:05,458 INFO     [file_io.py:524] <store_data> {rank 0/6}
         step         time         temp        tot E        kin E        pot E      field E       bond E        ang E        dih E           Px           Py           Pz           ΔH
         3200           32        311.4       4423.2       1747.6       2675.5            0       499.99            0       2175.5    0.0014023   -0.0026193   -0.0025773    2.003e+05
2021-12-18 20:24:05,590 INFO     [file_io.py:524] <store_data> {rank 0/6}
         step         time         temp        tot E        kin E        pot E      field E       bond E        ang E        dih E           Px           Py           Pz           ΔH
         3400           34       304.85       4225.3       1710.9       2514.4            0       513.63            0       2000.8    0.0011681   -0.0029161   -0.0026833    2.003e+05
2021-12-18 20:24:05,722 INFO     [file_io.py:524] <store_data> {rank 0/6}
         step         time         temp        tot E        kin E        pot E      field E       bond E        ang E        dih E           Px           Py           Pz           ΔH
         3600           36       304.17       4198.8       1707.1       2491.7            0       483.23            0       2008.5    0.0010733   -0.0028114   -0.0026844    2.003e+05
2021-12-18 20:24:05,857 INFO     [file_io.py:524] <store_data> {rank 0/6}
         step         time         temp        tot E        kin E        pot E      field E       bond E        ang E        dih E           Px           Py           Pz           ΔH
         3800           38       285.52       4077.3       1602.4       2474.9            0       491.18            0       1983.7    0.0010273   -0.0025473    -0.002569    2.003e+05
2021-12-18 20:24:05,991 INFO     [file_io.py:524] <store_data> {rank 0/6}
         step         time         temp        tot E        kin E        pot E      field E       bond E        ang E        dih E           Px           Py           Pz           ΔH
         4000           40       309.23       3952.8       1735.5       2217.3            0       521.12            0       1696.2   0.00090189   -0.0029268    -0.002859    2.003e+05
2021-12-18 20:24:06,129 INFO     [file_io.py:524] <store_data> {rank 0/6}
         step         time         temp        tot E        kin E        pot E      field E       bond E        ang E        dih E           Px           Py           Pz           ΔH
         4200           42       301.65         3946       1692.9       2253.1            0       479.32            0       1773.7   0.00074109   -0.0032793   -0.0024247    2.003e+05
2021-12-18 20:24:06,270 INFO     [file_io.py:524] <store_data> {rank 0/6}
         step         time         temp        tot E        kin E        pot E      field E       bond E        ang E        dih E           Px           Py           Pz           ΔH
         4400           44        296.3       3858.3       1662.9       2195.3            0       465.75            0       1729.6   0.00018866    -0.003217   -0.0025797    2.003e+05
2021-12-18 20:24:06,404 INFO     [file_io.py:524] <store_data> {rank 0/6}
         step         time         temp        tot E        kin E        pot E      field E       bond E        ang E        dih E           Px           Py           Pz           ΔH
         4600           46       304.52       3694.6         1709       1985.6            0       466.26            0       1519.3   0.00014417   -0.0030915   -0.0022753    2.003e+05
2021-12-18 20:24:06,550 INFO     [file_io.py:524] <store_data> {rank 0/6}
         step         time         temp        tot E        kin E        pot E      field E       bond E        ang E        dih E           Px           Py           Pz           ΔH
         4800           48       305.86       3994.8       1716.6       2278.2            0       604.27            0       1673.9  -2.4676e-05   -0.0031562   -0.0022517    2.003e+05
2021-12-18 20:24:06,691 INFO     [file_io.py:524] <store_data> {rank 0/6}
         step         time         temp        tot E        kin E        pot E      field E       bond E        ang E        dih E           Px           Py           Pz           ΔH
         5000           50       309.99       3890.6       1739.7       2150.8            0       516.85            0         1634   0.00040662   -0.0028475   -0.0019937    2.003e+05
2021-12-18 20:24:06,824 INFO     [file_io.py:524] <store_data> {rank 0/6}
         step         time         temp        tot E        kin E        pot E      field E       bond E        ang E        dih E           Px           Py           Pz           ΔH
         5200           52       305.49         3728       1714.5       2013.5            0       536.87            0       1476.6   0.00037014   -0.0028649   -0.0020256    2.003e+05
2021-12-18 20:24:06,972 INFO     [file_io.py:524] <store_data> {rank 0/6}
         step         time         temp        tot E        kin E        pot E      field E       bond E        ang E        dih E           Px           Py           Pz           ΔH
         5400           54       305.18       3657.4       1712.7       1944.6            0       513.53            0       1431.1   0.00042272   -0.0028581   -0.0020039    2.003e+05
2021-12-18 20:24:07,109 INFO     [file_io.py:524] <store_data> {rank 0/6}
         step         time         temp        tot E        kin E        pot E      field E       bond E        ang E        dih E           Px           Py           Pz           ΔH
         5600           56       308.74       3749.5       1732.8       2016.8            0       553.44            0       1463.3   0.00034788   -0.0029352   -0.0019537    2.003e+05
2021-12-18 20:24:07,254 INFO     [file_io.py:524] <store_data> {rank 0/6}
         step         time         temp        tot E        kin E        pot E      field E       bond E        ang E        dih E           Px           Py           Pz           ΔH
         5800           58        298.7       3587.5       1676.4       1911.1            0       472.15            0         1439   0.00021689   -0.0030946    -0.001518    2.003e+05
2021-12-18 20:24:07,387 INFO     [file_io.py:524] <store_data> {rank 0/6}
         step         time         temp        tot E        kin E        pot E      field E       bond E        ang E        dih E           Px           Py           Pz           ΔH
         6000           60       281.03       3510.3       1577.2       1933.1            0       519.31            0       1413.8   0.00034869    -0.003209   -0.0015026    2.003e+05
2021-12-18 20:24:07,521 INFO     [file_io.py:524] <store_data> {rank 0/6}
         step         time         temp        tot E        kin E        pot E      field E       bond E        ang E        dih E           Px           Py           Pz           ΔH
         6200           62       300.13       3479.9       1684.4       1795.5            0       499.06            0       1296.4   0.00048535   -0.0031376   -0.0015859   2.0029e+05
2021-12-18 20:24:07,658 INFO     [file_io.py:524] <store_data> {rank 0/6}
         step         time         temp        tot E        kin E        pot E      field E       bond E        ang E        dih E           Px           Py           Pz           ΔH
         6400           64       314.22       3734.5       1763.5         1971            0       588.05            0         1383   0.00032602   -0.0030507   -0.0013956    2.003e+05
2021-12-18 20:24:07,827 INFO     [file_io.py:524] <store_data> {rank 0/6}
         step         time         temp        tot E        kin E        pot E      field E       bond E        ang E        dih E           Px           Py           Pz           ΔH
         6600           66       324.16       3705.9       1819.3       1886.6            0       559.66            0         1327   0.00021243   -0.0032956   -0.0015728    2.003e+05
2021-12-18 20:24:07,991 INFO     [file_io.py:524] <store_data> {rank 0/6}
         step         time         temp        tot E        kin E        pot E      field E       bond E        ang E        dih E           Px           Py           Pz           ΔH
         6800           68       322.29         3739       1808.8       1930.3            0       513.57            0       1416.7  -8.7976e-05   -0.0032252    -0.001487    2.003e+05
2021-12-18 20:24:08,176 INFO     [file_io.py:524] <store_data> {rank 0/6}
         step         time         temp        tot E        kin E        pot E      field E       bond E        ang E        dih E           Px           Py           Pz           ΔH
         7000           70       300.75       3615.8       1687.9       1927.9            0        551.3            0       1376.6   0.00016683   -0.0029166   -0.0010914    2.003e+05
2021-12-18 20:24:08,335 INFO     [file_io.py:524] <store_data> {rank 0/6}
         step         time         temp        tot E        kin E        pot E      field E       bond E        ang E        dih E           Px           Py           Pz           ΔH
         7200           72        286.3       3313.3       1606.8       1706.5            0       498.65            0       1207.9   3.5405e-05   -0.0025859   -0.0012757   2.0029e+05
2021-12-18 20:24:08,477 INFO     [file_io.py:524] <store_data> {rank 0/6}
         step         time         temp        tot E        kin E        pot E      field E       bond E        ang E        dih E           Px           Py           Pz           ΔH
         7400           74       281.42       3437.9       1579.4       1858.5            0       588.47            0       1270.1   0.00027841   -0.0024796  -0.00086769    2.003e+05
2021-12-18 20:24:08,648 INFO     [file_io.py:524] <store_data> {rank 0/6}
         step         time         temp        tot E        kin E        pot E      field E       bond E        ang E        dih E           Px           Py           Pz           ΔH
         7600           76       291.43       3377.6       1635.6         1742            0       511.79            0       1230.2    0.0001266   -0.0025146  -0.00044364   2.0029e+05
2021-12-18 20:24:08,894 INFO     [file_io.py:524] <store_data> {rank 0/6}
         step         time         temp        tot E        kin E        pot E      field E       bond E        ang E        dih E           Px           Py           Pz           ΔH
         7800           78       294.73       3323.5       1654.1       1669.4            0       513.46            0         1156   0.00012445   -0.0026378  -4.8179e-05   2.0029e+05
2021-12-18 20:24:09,108 INFO     [file_io.py:524] <store_data> {rank 0/6}
         step         time         temp        tot E        kin E        pot E      field E       bond E        ang E        dih E           Px           Py           Pz           ΔH
         8000           80       290.95       3511.6       1632.9       1878.7            0       563.18            0       1315.5   0.00043566   -0.0026494  -0.00028297    2.003e+05
2021-12-18 20:24:09,293 INFO     [file_io.py:524] <store_data> {rank 0/6}
         step         time         temp        tot E        kin E        pot E      field E       bond E        ang E        dih E           Px           Py           Pz           ΔH
         8200           82       317.16       3413.2         1780       1633.2            0       517.77            0       1115.5   0.00032547     -0.00287   0.00021967   2.0029e+05
2021-12-18 20:24:09,670 INFO     [file_io.py:524] <store_data> {rank 0/6}
         step         time         temp        tot E        kin E        pot E      field E       bond E        ang E        dih E           Px           Py           Pz           ΔH
         8400           84        287.8       3362.6       1615.2       1747.4            0       550.39            0         1197  -0.00017408   -0.0027852    0.0001384    2.003e+05
2021-12-18 20:24:09,985 INFO     [file_io.py:524] <store_data> {rank 0/6}
         step         time         temp        tot E        kin E        pot E      field E       bond E        ang E        dih E           Px           Py           Pz           ΔH
         8600           86       310.55       3465.7       1742.9       1722.8            0       542.84            0       1179.9  -0.00022262   -0.0027982   0.00019708   2.0029e+05
2021-12-18 20:24:10,266 INFO     [file_io.py:524] <store_data> {rank 0/6}
         step         time         temp        tot E        kin E        pot E      field E       bond E        ang E        dih E           Px           Py           Pz           ΔH
         8800           88       295.65       3350.5       1659.2       1691.3            0       566.03            0       1125.2  -0.00041574   -0.0028486   0.00036103   2.0029e+05
2021-12-18 20:24:10,482 INFO     [file_io.py:524] <store_data> {rank 0/6}
         step         time         temp        tot E        kin E        pot E      field E       bond E        ang E        dih E           Px           Py           Pz           ΔH
         9000           90       307.18       3538.4         1724       1814.4            0       580.18            0       1234.2   0.00010461   -0.0028686   7.2956e-05    2.003e+05
2021-12-18 20:24:10,709 INFO     [file_io.py:524] <store_data> {rank 0/6}
         step         time         temp        tot E        kin E        pot E      field E       bond E        ang E        dih E           Px           Py           Pz           ΔH
         9200           92       315.47       3480.6       1770.5       1710.1            0       550.11            0         1160   0.00035097   -0.0033458  -8.1807e-05   2.0029e+05
2021-12-18 20:24:10,888 INFO     [file_io.py:524] <store_data> {rank 0/6}
         step         time         temp        tot E        kin E        pot E      field E       bond E        ang E        dih E           Px           Py           Pz           ΔH
         9400           94       312.57       3468.8       1754.2       1714.5            0       517.72            0       1196.8   0.00044096   -0.0032228   0.00016697   2.0029e+05
2021-12-18 20:24:11,071 INFO     [file_io.py:524] <store_data> {rank 0/6}
         step         time         temp        tot E        kin E        pot E      field E       bond E        ang E        dih E           Px           Py           Pz           ΔH
         9600           96       286.22       3458.7       1606.3       1852.3            0       580.51            0       1271.8   0.00060162   -0.0033501  -0.00022531    2.003e+05
2021-12-18 20:24:11,253 INFO     [file_io.py:524] <store_data> {rank 0/6}
         step         time         temp        tot E        kin E        pot E      field E       bond E        ang E        dih E           Px           Py           Pz           ΔH
         9800           98       305.96       3504.2       1717.1       1787.1            0        525.6            0       1261.5   0.00048776   -0.0032911   8.3148e-06    2.003e+05
2021-12-18 20:24:11,411 INFO     [main.py:952] <main> {rank 0/6} Elapsed time: 00:00:08.362973   Setup time: 00:00:00.251900   MD loop time: 00:00:08.111073
2021-12-18 20:24:11,417 INFO     [file_io.py:524] <store_data> {rank 0/6}
         step         time         temp        tot E        kin E        pot E      field E       bond E        ang E        dih E           Px           Py           Pz           ΔH
         9999        99.99       295.57         3441       1658.8       1782.1            0        584.1            0         1198   0.00034619   -0.0034743  -2.2799e-05   2.0029e+05
